The system is: Linux - 3.3.6-3.fc16.x86_64 - x86_64
Compiling the C compiler identification source file "CMakeCCompilerId.c" succeeded.
Compiler: /home/ramanNew/GCC-4.7.2/gcc-4.8.1/bin/gcc 
Build flags: 
Id flags: 

The output was:
0


Compilation of the C compiler identification source "CMakeCCompilerId.c" produced "a.out"

The C compiler identification is GNU, found in "/home/ramanNew/GEANT_TOY_CODE/geant/CMakeFiles/CompilerIdC/a.out"

Compiling the CXX compiler identification source file "CMakeCXXCompilerId.cpp" succeeded.
Compiler: /home/ramanNew/GCC-4.7.2/gcc-4.8.1/bin/gcc 
Build flags: 
Id flags: 

The output was:
0


Compilation of the CXX compiler identification source "CMakeCXXCompilerId.cpp" produced "a.out"

The CXX compiler identification is GNU, found in "/home/ramanNew/GEANT_TOY_CODE/geant/CMakeFiles/CompilerIdCXX/a.out"

Determining if the C compiler works passed with the following output:
Change Dir: /home/ramanNew/GEANT_TOY_CODE/geant/CMakeFiles/CMakeTmp

Run Build Command:/usr/bin/gmake "cmTryCompileExec2249557592/fast"
/usr/bin/gmake -f CMakeFiles/cmTryCompileExec2249557592.dir/build.make CMakeFiles/cmTryCompileExec2249557592.dir/build
gmake[1]: Entering directory `/home/ramanNew/GEANT_TOY_CODE/geant/CMakeFiles/CMakeTmp'
/usr/bin/cmake -E cmake_progress_report /home/ramanNew/GEANT_TOY_CODE/geant/CMakeFiles/CMakeTmp/CMakeFiles 1
Building C object CMakeFiles/cmTryCompileExec2249557592.dir/testCCompiler.c.o
/home/ramanNew/GCC-4.7.2/gcc-4.8.1/bin/gcc    -o CMakeFiles/cmTryCompileExec2249557592.dir/testCCompiler.c.o   -c /home/ramanNew/GEANT_TOY_CODE/geant/CMakeFiles/CMakeTmp/testCCompiler.c
Linking C executable cmTryCompileExec2249557592
/usr/bin/cmake -E cmake_link_script CMakeFiles/cmTryCompileExec2249557592.dir/link.txt --verbose=1
/home/ramanNew/GCC-4.7.2/gcc-4.8.1/bin/gcc         CMakeFiles/cmTryCompileExec2249557592.dir/testCCompiler.c.o  -o cmTryCompileExec2249557592 -rdynamic 
gmake[1]: Leaving directory `/home/ramanNew/GEANT_TOY_CODE/geant/CMakeFiles/CMakeTmp'


Detecting C compiler ABI info compiled with the following output:
Change Dir: /home/ramanNew/GEANT_TOY_CODE/geant/CMakeFiles/CMakeTmp

Run Build Command:/usr/bin/gmake "cmTryCompileExec1172103859/fast"
/usr/bin/gmake -f CMakeFiles/cmTryCompileExec1172103859.dir/build.make CMakeFiles/cmTryCompileExec1172103859.dir/build
gmake[1]: Entering directory `/home/ramanNew/GEANT_TOY_CODE/geant/CMakeFiles/CMakeTmp'
/usr/bin/cmake -E cmake_progress_report /home/ramanNew/GEANT_TOY_CODE/geant/CMakeFiles/CMakeTmp/CMakeFiles 1
Building C object CMakeFiles/cmTryCompileExec1172103859.dir/CMakeCCompilerABI.c.o
/home/ramanNew/GCC-4.7.2/gcc-4.8.1/bin/gcc    -o CMakeFiles/cmTryCompileExec1172103859.dir/CMakeCCompilerABI.c.o   -c /usr/share/cmake/Modules/CMakeCCompilerABI.c
Linking C executable cmTryCompileExec1172103859
/usr/bin/cmake -E cmake_link_script CMakeFiles/cmTryCompileExec1172103859.dir/link.txt --verbose=1
/home/ramanNew/GCC-4.7.2/gcc-4.8.1/bin/gcc       -v CMakeFiles/cmTryCompileExec1172103859.dir/CMakeCCompilerABI.c.o  -o cmTryCompileExec1172103859 -rdynamic  
Using built-in specs.
COLLECT_GCC=/home/ramanNew/GCC-4.7.2/gcc-4.8.1/bin/gcc
COLLECT_LTO_WRAPPER=/home/ramanNew/GCC-4.7.2/gcc-4.8.1/libexec/gcc/x86_64-unknown-linux-gnu/4.8.1/lto-wrapper
Target: x86_64-unknown-linux-gnu
Configured with: ./configure --prefix=/home/ramanNew/GCC-4.7.2/gcc-4.8.1 --with-mpfr=/home/ramanNew/MPFR-2.4.2/mpfr-2.4.2 --with-mpfr-include=/home/ramanNew/MPFR-2.4.2/mpfr-2.4.2/include --with-mpc=/home/ramanNew/MPC/mpc-0.8.2
Thread model: posix
gcc version 4.8.1 (GCC) 
COMPILER_PATH=/home/ramanNew/GCC-4.7.2/gcc-4.8.1/libexec/gcc/x86_64-unknown-linux-gnu/4.8.1/:/home/ramanNew/GCC-4.7.2/gcc-4.8.1/libexec/gcc/x86_64-unknown-linux-gnu/4.8.1/:/home/ramanNew/GCC-4.7.2/gcc-4.8.1/libexec/gcc/x86_64-unknown-linux-gnu/:/home/ramanNew/GCC-4.7.2/gcc-4.8.1/lib/gcc/x86_64-unknown-linux-gnu/4.8.1/:/home/ramanNew/GCC-4.7.2/gcc-4.8.1/lib/gcc/x86_64-unknown-linux-gnu/
LIBRARY_PATH=/home/ramanNew/GCC-4.7.2/gcc-4.8.1/lib/gcc/x86_64-unknown-linux-gnu/4.8.1/:/home/ramanNew/GCC-4.7.2/gcc-4.8.1/lib/gcc/x86_64-unknown-linux-gnu/4.8.1/../../../../lib64/:/lib/../lib64/:/usr/lib/../lib64/:/home/ramanNew/intel/composer_xe_2013.5.192/compiler/lib/intel64/:/home/ramanNew/intel/composer_xe_2013.5.192/ipp/../compiler/lib/intel64/:/home/ramanNew/intel/composer_xe_2013.5.192/ipp/lib/intel64/:/home/ramanNew/intel/composer_xe_2013.5.192/compiler/lib/intel64/:/home/ramanNew/intel/composer_xe_2013.5.192/mkl/lib/intel64/:/home/ramanNew/intel/composer_xe_2013.5.192/tbb/lib/intel64/gcc4.4/:/home/ramanNew/GCC-4.7.2/gcc-4.8.1/lib/gcc/x86_64-unknown-linux-gnu/4.8.1/../../../:/lib/:/usr/lib/
COLLECT_GCC_OPTIONS='-v' '-o' 'cmTryCompileExec1172103859' '-rdynamic' '-mtune=generic' '-march=x86-64'
 /home/ramanNew/GCC-4.7.2/gcc-4.8.1/libexec/gcc/x86_64-unknown-linux-gnu/4.8.1/collect2 --eh-frame-hdr -m elf_x86_64 -export-dynamic -dynamic-linker /lib64/ld-linux-x86-64.so.2 -o cmTryCompileExec1172103859 /usr/lib/../lib64/crt1.o /usr/lib/../lib64/crti.o /home/ramanNew/GCC-4.7.2/gcc-4.8.1/lib/gcc/x86_64-unknown-linux-gnu/4.8.1/crtbegin.o -L/home/ramanNew/GCC-4.7.2/gcc-4.8.1/lib/gcc/x86_64-unknown-linux-gnu/4.8.1 -L/home/ramanNew/GCC-4.7.2/gcc-4.8.1/lib/gcc/x86_64-unknown-linux-gnu/4.8.1/../../../../lib64 -L/lib/../lib64 -L/usr/lib/../lib64 -L/home/ramanNew/intel/composer_xe_2013.5.192/compiler/lib/intel64 -L/home/ramanNew/intel/composer_xe_2013.5.192/ipp/../compiler/lib/intel64 -L/home/ramanNew/intel/composer_xe_2013.5.192/ipp/lib/intel64 -L/home/ramanNew/intel/composer_xe_2013.5.192/compiler/lib/intel64 -L/home/ramanNew/intel/composer_xe_2013.5.192/mkl/lib/intel64 -L/home/ramanNew/intel/composer_xe_2013.5.192/tbb/lib/intel64/gcc4.4 -L/home/ramanNew/GCC-4.7.2/gcc-4.8.1/lib/gcc/x86_64-unknown-linux-gnu/4.8.1/../../.. CMakeFiles/cmTryCompileExec1172103859.dir/CMakeCCompilerABI.c.o -lgcc --as-needed -lgcc_s --no-as-needed -lc -lgcc --as-needed -lgcc_s --no-as-needed /home/ramanNew/GCC-4.7.2/gcc-4.8.1/lib/gcc/x86_64-unknown-linux-gnu/4.8.1/crtend.o /usr/lib/../lib64/crtn.o
gmake[1]: Leaving directory `/home/ramanNew/GEANT_TOY_CODE/geant/CMakeFiles/CMakeTmp'


Parsed C implicit link information from above output:
  link line regex: [^( *|.*[/\])(ld|ld|collect2)[^/\]*( |$)]
  ignore line: [Change Dir: /home/ramanNew/GEANT_TOY_CODE/geant/CMakeFiles/CMakeTmp]
  ignore line: []
  ignore line: [Run Build Command:/usr/bin/gmake "cmTryCompileExec1172103859/fast"]
  ignore line: [/usr/bin/gmake -f CMakeFiles/cmTryCompileExec1172103859.dir/build.make CMakeFiles/cmTryCompileExec1172103859.dir/build]
  ignore line: [gmake[1]: Entering directory `/home/ramanNew/GEANT_TOY_CODE/geant/CMakeFiles/CMakeTmp']
  ignore line: [/usr/bin/cmake -E cmake_progress_report /home/ramanNew/GEANT_TOY_CODE/geant/CMakeFiles/CMakeTmp/CMakeFiles 1]
  ignore line: [Building C object CMakeFiles/cmTryCompileExec1172103859.dir/CMakeCCompilerABI.c.o]
  ignore line: [/home/ramanNew/GCC-4.7.2/gcc-4.8.1/bin/gcc    -o CMakeFiles/cmTryCompileExec1172103859.dir/CMakeCCompilerABI.c.o   -c /usr/share/cmake/Modules/CMakeCCompilerABI.c]
  ignore line: [Linking C executable cmTryCompileExec1172103859]
  ignore line: [/usr/bin/cmake -E cmake_link_script CMakeFiles/cmTryCompileExec1172103859.dir/link.txt --verbose=1]
  ignore line: [/home/ramanNew/GCC-4.7.2/gcc-4.8.1/bin/gcc       -v CMakeFiles/cmTryCompileExec1172103859.dir/CMakeCCompilerABI.c.o  -o cmTryCompileExec1172103859 -rdynamic  ]
  ignore line: [Using built-in specs.]
  ignore line: [COLLECT_GCC=/home/ramanNew/GCC-4.7.2/gcc-4.8.1/bin/gcc]
  ignore line: [COLLECT_LTO_WRAPPER=/home/ramanNew/GCC-4.7.2/gcc-4.8.1/libexec/gcc/x86_64-unknown-linux-gnu/4.8.1/lto-wrapper]
  ignore line: [Target: x86_64-unknown-linux-gnu]
  ignore line: [Configured with: ./configure --prefix=/home/ramanNew/GCC-4.7.2/gcc-4.8.1 --with-mpfr=/home/ramanNew/MPFR-2.4.2/mpfr-2.4.2 --with-mpfr-include=/home/ramanNew/MPFR-2.4.2/mpfr-2.4.2/include --with-mpc=/home/ramanNew/MPC/mpc-0.8.2]
  ignore line: [Thread model: posix]
  ignore line: [gcc version 4.8.1 (GCC) ]
  ignore line: [COMPILER_PATH=/home/ramanNew/GCC-4.7.2/gcc-4.8.1/libexec/gcc/x86_64-unknown-linux-gnu/4.8.1/:/home/ramanNew/GCC-4.7.2/gcc-4.8.1/libexec/gcc/x86_64-unknown-linux-gnu/4.8.1/:/home/ramanNew/GCC-4.7.2/gcc-4.8.1/libexec/gcc/x86_64-unknown-linux-gnu/:/home/ramanNew/GCC-4.7.2/gcc-4.8.1/lib/gcc/x86_64-unknown-linux-gnu/4.8.1/:/home/ramanNew/GCC-4.7.2/gcc-4.8.1/lib/gcc/x86_64-unknown-linux-gnu/]
  ignore line: [LIBRARY_PATH=/home/ramanNew/GCC-4.7.2/gcc-4.8.1/lib/gcc/x86_64-unknown-linux-gnu/4.8.1/:/home/ramanNew/GCC-4.7.2/gcc-4.8.1/lib/gcc/x86_64-unknown-linux-gnu/4.8.1/../../../../lib64/:/lib/../lib64/:/usr/lib/../lib64/:/home/ramanNew/intel/composer_xe_2013.5.192/compiler/lib/intel64/:/home/ramanNew/intel/composer_xe_2013.5.192/ipp/../compiler/lib/intel64/:/home/ramanNew/intel/composer_xe_2013.5.192/ipp/lib/intel64/:/home/ramanNew/intel/composer_xe_2013.5.192/compiler/lib/intel64/:/home/ramanNew/intel/composer_xe_2013.5.192/mkl/lib/intel64/:/home/ramanNew/intel/composer_xe_2013.5.192/tbb/lib/intel64/gcc4.4/:/home/ramanNew/GCC-4.7.2/gcc-4.8.1/lib/gcc/x86_64-unknown-linux-gnu/4.8.1/../../../:/lib/:/usr/lib/]
  ignore line: [COLLECT_GCC_OPTIONS='-v' '-o' 'cmTryCompileExec1172103859' '-rdynamic' '-mtune=generic' '-march=x86-64']
  link line: [ /home/ramanNew/GCC-4.7.2/gcc-4.8.1/libexec/gcc/x86_64-unknown-linux-gnu/4.8.1/collect2 --eh-frame-hdr -m elf_x86_64 -export-dynamic -dynamic-linker /lib64/ld-linux-x86-64.so.2 -o cmTryCompileExec1172103859 /usr/lib/../lib64/crt1.o /usr/lib/../lib64/crti.o /home/ramanNew/GCC-4.7.2/gcc-4.8.1/lib/gcc/x86_64-unknown-linux-gnu/4.8.1/crtbegin.o -L/home/ramanNew/GCC-4.7.2/gcc-4.8.1/lib/gcc/x86_64-unknown-linux-gnu/4.8.1 -L/home/ramanNew/GCC-4.7.2/gcc-4.8.1/lib/gcc/x86_64-unknown-linux-gnu/4.8.1/../../../../lib64 -L/lib/../lib64 -L/usr/lib/../lib64 -L/home/ramanNew/intel/composer_xe_2013.5.192/compiler/lib/intel64 -L/home/ramanNew/intel/composer_xe_2013.5.192/ipp/../compiler/lib/intel64 -L/home/ramanNew/intel/composer_xe_2013.5.192/ipp/lib/intel64 -L/home/ramanNew/intel/composer_xe_2013.5.192/compiler/lib/intel64 -L/home/ramanNew/intel/composer_xe_2013.5.192/mkl/lib/intel64 -L/home/ramanNew/intel/composer_xe_2013.5.192/tbb/lib/intel64/gcc4.4 -L/home/ramanNew/GCC-4.7.2/gcc-4.8.1/lib/gcc/x86_64-unknown-linux-gnu/4.8.1/../../.. CMakeFiles/cmTryCompileExec1172103859.dir/CMakeCCompilerABI.c.o -lgcc --as-needed -lgcc_s --no-as-needed -lc -lgcc --as-needed -lgcc_s --no-as-needed /home/ramanNew/GCC-4.7.2/gcc-4.8.1/lib/gcc/x86_64-unknown-linux-gnu/4.8.1/crtend.o /usr/lib/../lib64/crtn.o]
    arg [/home/ramanNew/GCC-4.7.2/gcc-4.8.1/libexec/gcc/x86_64-unknown-linux-gnu/4.8.1/collect2] ==> ignore
    arg [--eh-frame-hdr] ==> ignore
    arg [-m] ==> ignore
    arg [elf_x86_64] ==> ignore
    arg [-export-dynamic] ==> ignore
    arg [-dynamic-linker] ==> ignore
    arg [/lib64/ld-linux-x86-64.so.2] ==> ignore
    arg [-o] ==> ignore
    arg [cmTryCompileExec1172103859] ==> ignore
    arg [/usr/lib/../lib64/crt1.o] ==> ignore
    arg [/usr/lib/../lib64/crti.o] ==> ignore
    arg [/home/ramanNew/GCC-4.7.2/gcc-4.8.1/lib/gcc/x86_64-unknown-linux-gnu/4.8.1/crtbegin.o] ==> ignore
    arg [-L/home/ramanNew/GCC-4.7.2/gcc-4.8.1/lib/gcc/x86_64-unknown-linux-gnu/4.8.1] ==> dir [/home/ramanNew/GCC-4.7.2/gcc-4.8.1/lib/gcc/x86_64-unknown-linux-gnu/4.8.1]
    arg [-L/home/ramanNew/GCC-4.7.2/gcc-4.8.1/lib/gcc/x86_64-unknown-linux-gnu/4.8.1/../../../../lib64] ==> dir [/home/ramanNew/GCC-4.7.2/gcc-4.8.1/lib/gcc/x86_64-unknown-linux-gnu/4.8.1/../../../../lib64]
    arg [-L/lib/../lib64] ==> dir [/lib/../lib64]
    arg [-L/usr/lib/../lib64] ==> dir [/usr/lib/../lib64]
    arg [-L/home/ramanNew/intel/composer_xe_2013.5.192/compiler/lib/intel64] ==> dir [/home/ramanNew/intel/composer_xe_2013.5.192/compiler/lib/intel64]
    arg [-L/home/ramanNew/intel/composer_xe_2013.5.192/ipp/../compiler/lib/intel64] ==> dir [/home/ramanNew/intel/composer_xe_2013.5.192/ipp/../compiler/lib/intel64]
    arg [-L/home/ramanNew/intel/composer_xe_2013.5.192/ipp/lib/intel64] ==> dir [/home/ramanNew/intel/composer_xe_2013.5.192/ipp/lib/intel64]
    arg [-L/home/ramanNew/intel/composer_xe_2013.5.192/compiler/lib/intel64] ==> dir [/home/ramanNew/intel/composer_xe_2013.5.192/compiler/lib/intel64]
    arg [-L/home/ramanNew/intel/composer_xe_2013.5.192/mkl/lib/intel64] ==> dir [/home/ramanNew/intel/composer_xe_2013.5.192/mkl/lib/intel64]
    arg [-L/home/ramanNew/intel/composer_xe_2013.5.192/tbb/lib/intel64/gcc4.4] ==> dir [/home/ramanNew/intel/composer_xe_2013.5.192/tbb/lib/intel64/gcc4.4]
    arg [-L/home/ramanNew/GCC-4.7.2/gcc-4.8.1/lib/gcc/x86_64-unknown-linux-gnu/4.8.1/../../..] ==> dir [/home/ramanNew/GCC-4.7.2/gcc-4.8.1/lib/gcc/x86_64-unknown-linux-gnu/4.8.1/../../..]
    arg [CMakeFiles/cmTryCompileExec1172103859.dir/CMakeCCompilerABI.c.o] ==> ignore
    arg [-lgcc] ==> lib [gcc]
    arg [--as-needed] ==> ignore
    arg [-lgcc_s] ==> lib [gcc_s]
    arg [--no-as-needed] ==> ignore
    arg [-lc] ==> lib [c]
    arg [-lgcc] ==> lib [gcc]
    arg [--as-needed] ==> ignore
    arg [-lgcc_s] ==> lib [gcc_s]
    arg [--no-as-needed] ==> ignore
    arg [/home/ramanNew/GCC-4.7.2/gcc-4.8.1/lib/gcc/x86_64-unknown-linux-gnu/4.8.1/crtend.o] ==> ignore
    arg [/usr/lib/../lib64/crtn.o] ==> ignore
  remove lib [gcc]
  remove lib [gcc_s]
  remove lib [gcc]
  remove lib [gcc_s]
  collapse dir [/home/ramanNew/GCC-4.7.2/gcc-4.8.1/lib/gcc/x86_64-unknown-linux-gnu/4.8.1] ==> [/home/ramanNew/GCC-4.7.2/gcc-4.8.1/lib/gcc/x86_64-unknown-linux-gnu/4.8.1]
  collapse dir [/home/ramanNew/GCC-4.7.2/gcc-4.8.1/lib/gcc/x86_64-unknown-linux-gnu/4.8.1/../../../../lib64] ==> [/home/ramanNew/GCC-4.7.2/gcc-4.8.1/lib64]
  collapse dir [/lib/../lib64] ==> [/lib64]
  collapse dir [/usr/lib/../lib64] ==> [/usr/lib64]
  collapse dir [/home/ramanNew/intel/composer_xe_2013.5.192/compiler/lib/intel64] ==> [/home/ramanNew/intel/composer_xe_2013.5.192/compiler/lib/intel64]
  collapse dir [/home/ramanNew/intel/composer_xe_2013.5.192/ipp/../compiler/lib/intel64] ==> [/home/ramanNew/intel/composer_xe_2013.5.192/compiler/lib/intel64]
  collapse dir [/home/ramanNew/intel/composer_xe_2013.5.192/ipp/lib/intel64] ==> [/home/ramanNew/intel/composer_xe_2013.5.192/ipp/lib/intel64]
  collapse dir [/home/ramanNew/intel/composer_xe_2013.5.192/compiler/lib/intel64] ==> [/home/ramanNew/intel/composer_xe_2013.5.192/compiler/lib/intel64]
  collapse dir [/home/ramanNew/intel/composer_xe_2013.5.192/mkl/lib/intel64] ==> [/home/ramanNew/intel/composer_xe_2013.5.192/mkl/lib/intel64]
  collapse dir [/home/ramanNew/intel/composer_xe_2013.5.192/tbb/lib/intel64/gcc4.4] ==> [/home/ramanNew/intel/composer_xe_2013.5.192/tbb/lib/intel64/gcc4.4]
  collapse dir [/home/ramanNew/GCC-4.7.2/gcc-4.8.1/lib/gcc/x86_64-unknown-linux-gnu/4.8.1/../../..] ==> [/home/ramanNew/GCC-4.7.2/gcc-4.8.1/lib]
  implicit libs: [c]
  implicit dirs: [/home/ramanNew/GCC-4.7.2/gcc-4.8.1/lib/gcc/x86_64-unknown-linux-gnu/4.8.1;/home/ramanNew/GCC-4.7.2/gcc-4.8.1/lib64;/lib64;/usr/lib64;/home/ramanNew/intel/composer_xe_2013.5.192/compiler/lib/intel64;/home/ramanNew/intel/composer_xe_2013.5.192/ipp/lib/intel64;/home/ramanNew/intel/composer_xe_2013.5.192/mkl/lib/intel64;/home/ramanNew/intel/composer_xe_2013.5.192/tbb/lib/intel64/gcc4.4;/home/ramanNew/GCC-4.7.2/gcc-4.8.1/lib]


Determining if the CXX compiler works passed with the following output:
Change Dir: /home/ramanNew/GEANT_TOY_CODE/geant/CMakeFiles/CMakeTmp

Run Build Command:/usr/bin/gmake "cmTryCompileExec993351861/fast"
/usr/bin/gmake -f CMakeFiles/cmTryCompileExec993351861.dir/build.make CMakeFiles/cmTryCompileExec993351861.dir/build
gmake[1]: Entering directory `/home/ramanNew/GEANT_TOY_CODE/geant/CMakeFiles/CMakeTmp'
/usr/bin/cmake -E cmake_progress_report /home/ramanNew/GEANT_TOY_CODE/geant/CMakeFiles/CMakeTmp/CMakeFiles 1
Building CXX object CMakeFiles/cmTryCompileExec993351861.dir/testCXXCompiler.cxx.o
/home/ramanNew/GCC-4.7.2/gcc-4.8.1/bin/gcc     -o CMakeFiles/cmTryCompileExec993351861.dir/testCXXCompiler.cxx.o -c /home/ramanNew/GEANT_TOY_CODE/geant/CMakeFiles/CMakeTmp/testCXXCompiler.cxx
Linking CXX executable cmTryCompileExec993351861
/usr/bin/cmake -E cmake_link_script CMakeFiles/cmTryCompileExec993351861.dir/link.txt --verbose=1
/home/ramanNew/GCC-4.7.2/gcc-4.8.1/bin/gcc          CMakeFiles/cmTryCompileExec993351861.dir/testCXXCompiler.cxx.o  -o cmTryCompileExec993351861 -rdynamic 
gmake[1]: Leaving directory `/home/ramanNew/GEANT_TOY_CODE/geant/CMakeFiles/CMakeTmp'


Detecting CXX compiler ABI info compiled with the following output:
Change Dir: /home/ramanNew/GEANT_TOY_CODE/geant/CMakeFiles/CMakeTmp

Run Build Command:/usr/bin/gmake "cmTryCompileExec2971479142/fast"
/usr/bin/gmake -f CMakeFiles/cmTryCompileExec2971479142.dir/build.make CMakeFiles/cmTryCompileExec2971479142.dir/build
gmake[1]: Entering directory `/home/ramanNew/GEANT_TOY_CODE/geant/CMakeFiles/CMakeTmp'
/usr/bin/cmake -E cmake_progress_report /home/ramanNew/GEANT_TOY_CODE/geant/CMakeFiles/CMakeTmp/CMakeFiles 1
Building CXX object CMakeFiles/cmTryCompileExec2971479142.dir/CMakeCXXCompilerABI.cpp.o
/home/ramanNew/GCC-4.7.2/gcc-4.8.1/bin/gcc     -o CMakeFiles/cmTryCompileExec2971479142.dir/CMakeCXXCompilerABI.cpp.o -c /usr/share/cmake/Modules/CMakeCXXCompilerABI.cpp
Linking CXX executable cmTryCompileExec2971479142
/usr/bin/cmake -E cmake_link_script CMakeFiles/cmTryCompileExec2971479142.dir/link.txt --verbose=1
/home/ramanNew/GCC-4.7.2/gcc-4.8.1/bin/gcc        -v CMakeFiles/cmTryCompileExec2971479142.dir/CMakeCXXCompilerABI.cpp.o  -o cmTryCompileExec2971479142 -rdynamic  
Using built-in specs.
COLLECT_GCC=/home/ramanNew/GCC-4.7.2/gcc-4.8.1/bin/gcc
COLLECT_LTO_WRAPPER=/home/ramanNew/GCC-4.7.2/gcc-4.8.1/libexec/gcc/x86_64-unknown-linux-gnu/4.8.1/lto-wrapper
Target: x86_64-unknown-linux-gnu
Configured with: ./configure --prefix=/home/ramanNew/GCC-4.7.2/gcc-4.8.1 --with-mpfr=/home/ramanNew/MPFR-2.4.2/mpfr-2.4.2 --with-mpfr-include=/home/ramanNew/MPFR-2.4.2/mpfr-2.4.2/include --with-mpc=/home/ramanNew/MPC/mpc-0.8.2
Thread model: posix
gcc version 4.8.1 (GCC) 
COMPILER_PATH=/home/ramanNew/GCC-4.7.2/gcc-4.8.1/libexec/gcc/x86_64-unknown-linux-gnu/4.8.1/:/home/ramanNew/GCC-4.7.2/gcc-4.8.1/libexec/gcc/x86_64-unknown-linux-gnu/4.8.1/:/home/ramanNew/GCC-4.7.2/gcc-4.8.1/libexec/gcc/x86_64-unknown-linux-gnu/:/home/ramanNew/GCC-4.7.2/gcc-4.8.1/lib/gcc/x86_64-unknown-linux-gnu/4.8.1/:/home/ramanNew/GCC-4.7.2/gcc-4.8.1/lib/gcc/x86_64-unknown-linux-gnu/
LIBRARY_PATH=/home/ramanNew/GCC-4.7.2/gcc-4.8.1/lib/gcc/x86_64-unknown-linux-gnu/4.8.1/:/home/ramanNew/GCC-4.7.2/gcc-4.8.1/lib/gcc/x86_64-unknown-linux-gnu/4.8.1/../../../../lib64/:/lib/../lib64/:/usr/lib/../lib64/:/home/ramanNew/intel/composer_xe_2013.5.192/compiler/lib/intel64/:/home/ramanNew/intel/composer_xe_2013.5.192/ipp/../compiler/lib/intel64/:/home/ramanNew/intel/composer_xe_2013.5.192/ipp/lib/intel64/:/home/ramanNew/intel/composer_xe_2013.5.192/compiler/lib/intel64/:/home/ramanNew/intel/composer_xe_2013.5.192/mkl/lib/intel64/:/home/ramanNew/intel/composer_xe_2013.5.192/tbb/lib/intel64/gcc4.4/:/home/ramanNew/GCC-4.7.2/gcc-4.8.1/lib/gcc/x86_64-unknown-linux-gnu/4.8.1/../../../:/lib/:/usr/lib/
COLLECT_GCC_OPTIONS='-v' '-o' 'cmTryCompileExec2971479142' '-rdynamic' '-mtune=generic' '-march=x86-64'
 /home/ramanNew/GCC-4.7.2/gcc-4.8.1/libexec/gcc/x86_64-unknown-linux-gnu/4.8.1/collect2 --eh-frame-hdr -m elf_x86_64 -export-dynamic -dynamic-linker /lib64/ld-linux-x86-64.so.2 -o cmTryCompileExec2971479142 /usr/lib/../lib64/crt1.o /usr/lib/../lib64/crti.o /home/ramanNew/GCC-4.7.2/gcc-4.8.1/lib/gcc/x86_64-unknown-linux-gnu/4.8.1/crtbegin.o -L/home/ramanNew/GCC-4.7.2/gcc-4.8.1/lib/gcc/x86_64-unknown-linux-gnu/4.8.1 -L/home/ramanNew/GCC-4.7.2/gcc-4.8.1/lib/gcc/x86_64-unknown-linux-gnu/4.8.1/../../../../lib64 -L/lib/../lib64 -L/usr/lib/../lib64 -L/home/ramanNew/intel/composer_xe_2013.5.192/compiler/lib/intel64 -L/home/ramanNew/intel/composer_xe_2013.5.192/ipp/../compiler/lib/intel64 -L/home/ramanNew/intel/composer_xe_2013.5.192/ipp/lib/intel64 -L/home/ramanNew/intel/composer_xe_2013.5.192/compiler/lib/intel64 -L/home/ramanNew/intel/composer_xe_2013.5.192/mkl/lib/intel64 -L/home/ramanNew/intel/composer_xe_2013.5.192/tbb/lib/intel64/gcc4.4 -L/home/ramanNew/GCC-4.7.2/gcc-4.8.1/lib/gcc/x86_64-unknown-linux-gnu/4.8.1/../../.. CMakeFiles/cmTryCompileExec2971479142.dir/CMakeCXXCompilerABI.cpp.o -lgcc --as-needed -lgcc_s --no-as-needed -lc -lgcc --as-needed -lgcc_s --no-as-needed /home/ramanNew/GCC-4.7.2/gcc-4.8.1/lib/gcc/x86_64-unknown-linux-gnu/4.8.1/crtend.o /usr/lib/../lib64/crtn.o
gmake[1]: Leaving directory `/home/ramanNew/GEANT_TOY_CODE/geant/CMakeFiles/CMakeTmp'


Parsed CXX implicit link information from above output:
  link line regex: [^( *|.*[/\])(ld|ld|collect2)[^/\]*( |$)]
  ignore line: [Change Dir: /home/ramanNew/GEANT_TOY_CODE/geant/CMakeFiles/CMakeTmp]
  ignore line: []
  ignore line: [Run Build Command:/usr/bin/gmake "cmTryCompileExec2971479142/fast"]
  ignore line: [/usr/bin/gmake -f CMakeFiles/cmTryCompileExec2971479142.dir/build.make CMakeFiles/cmTryCompileExec2971479142.dir/build]
  ignore line: [gmake[1]: Entering directory `/home/ramanNew/GEANT_TOY_CODE/geant/CMakeFiles/CMakeTmp']
  ignore line: [/usr/bin/cmake -E cmake_progress_report /home/ramanNew/GEANT_TOY_CODE/geant/CMakeFiles/CMakeTmp/CMakeFiles 1]
  ignore line: [Building CXX object CMakeFiles/cmTryCompileExec2971479142.dir/CMakeCXXCompilerABI.cpp.o]
  ignore line: [/home/ramanNew/GCC-4.7.2/gcc-4.8.1/bin/gcc     -o CMakeFiles/cmTryCompileExec2971479142.dir/CMakeCXXCompilerABI.cpp.o -c /usr/share/cmake/Modules/CMakeCXXCompilerABI.cpp]
  ignore line: [Linking CXX executable cmTryCompileExec2971479142]
  ignore line: [/usr/bin/cmake -E cmake_link_script CMakeFiles/cmTryCompileExec2971479142.dir/link.txt --verbose=1]
  ignore line: [/home/ramanNew/GCC-4.7.2/gcc-4.8.1/bin/gcc        -v CMakeFiles/cmTryCompileExec2971479142.dir/CMakeCXXCompilerABI.cpp.o  -o cmTryCompileExec2971479142 -rdynamic  ]
  ignore line: [Using built-in specs.]
  ignore line: [COLLECT_GCC=/home/ramanNew/GCC-4.7.2/gcc-4.8.1/bin/gcc]
  ignore line: [COLLECT_LTO_WRAPPER=/home/ramanNew/GCC-4.7.2/gcc-4.8.1/libexec/gcc/x86_64-unknown-linux-gnu/4.8.1/lto-wrapper]
  ignore line: [Target: x86_64-unknown-linux-gnu]
  ignore line: [Configured with: ./configure --prefix=/home/ramanNew/GCC-4.7.2/gcc-4.8.1 --with-mpfr=/home/ramanNew/MPFR-2.4.2/mpfr-2.4.2 --with-mpfr-include=/home/ramanNew/MPFR-2.4.2/mpfr-2.4.2/include --with-mpc=/home/ramanNew/MPC/mpc-0.8.2]
  ignore line: [Thread model: posix]
  ignore line: [gcc version 4.8.1 (GCC) ]
  ignore line: [COMPILER_PATH=/home/ramanNew/GCC-4.7.2/gcc-4.8.1/libexec/gcc/x86_64-unknown-linux-gnu/4.8.1/:/home/ramanNew/GCC-4.7.2/gcc-4.8.1/libexec/gcc/x86_64-unknown-linux-gnu/4.8.1/:/home/ramanNew/GCC-4.7.2/gcc-4.8.1/libexec/gcc/x86_64-unknown-linux-gnu/:/home/ramanNew/GCC-4.7.2/gcc-4.8.1/lib/gcc/x86_64-unknown-linux-gnu/4.8.1/:/home/ramanNew/GCC-4.7.2/gcc-4.8.1/lib/gcc/x86_64-unknown-linux-gnu/]
  ignore line: [LIBRARY_PATH=/home/ramanNew/GCC-4.7.2/gcc-4.8.1/lib/gcc/x86_64-unknown-linux-gnu/4.8.1/:/home/ramanNew/GCC-4.7.2/gcc-4.8.1/lib/gcc/x86_64-unknown-linux-gnu/4.8.1/../../../../lib64/:/lib/../lib64/:/usr/lib/../lib64/:/home/ramanNew/intel/composer_xe_2013.5.192/compiler/lib/intel64/:/home/ramanNew/intel/composer_xe_2013.5.192/ipp/../compiler/lib/intel64/:/home/ramanNew/intel/composer_xe_2013.5.192/ipp/lib/intel64/:/home/ramanNew/intel/composer_xe_2013.5.192/compiler/lib/intel64/:/home/ramanNew/intel/composer_xe_2013.5.192/mkl/lib/intel64/:/home/ramanNew/intel/composer_xe_2013.5.192/tbb/lib/intel64/gcc4.4/:/home/ramanNew/GCC-4.7.2/gcc-4.8.1/lib/gcc/x86_64-unknown-linux-gnu/4.8.1/../../../:/lib/:/usr/lib/]
  ignore line: [COLLECT_GCC_OPTIONS='-v' '-o' 'cmTryCompileExec2971479142' '-rdynamic' '-mtune=generic' '-march=x86-64']
  link line: [ /home/ramanNew/GCC-4.7.2/gcc-4.8.1/libexec/gcc/x86_64-unknown-linux-gnu/4.8.1/collect2 --eh-frame-hdr -m elf_x86_64 -export-dynamic -dynamic-linker /lib64/ld-linux-x86-64.so.2 -o cmTryCompileExec2971479142 /usr/lib/../lib64/crt1.o /usr/lib/../lib64/crti.o /home/ramanNew/GCC-4.7.2/gcc-4.8.1/lib/gcc/x86_64-unknown-linux-gnu/4.8.1/crtbegin.o -L/home/ramanNew/GCC-4.7.2/gcc-4.8.1/lib/gcc/x86_64-unknown-linux-gnu/4.8.1 -L/home/ramanNew/GCC-4.7.2/gcc-4.8.1/lib/gcc/x86_64-unknown-linux-gnu/4.8.1/../../../../lib64 -L/lib/../lib64 -L/usr/lib/../lib64 -L/home/ramanNew/intel/composer_xe_2013.5.192/compiler/lib/intel64 -L/home/ramanNew/intel/composer_xe_2013.5.192/ipp/../compiler/lib/intel64 -L/home/ramanNew/intel/composer_xe_2013.5.192/ipp/lib/intel64 -L/home/ramanNew/intel/composer_xe_2013.5.192/compiler/lib/intel64 -L/home/ramanNew/intel/composer_xe_2013.5.192/mkl/lib/intel64 -L/home/ramanNew/intel/composer_xe_2013.5.192/tbb/lib/intel64/gcc4.4 -L/home/ramanNew/GCC-4.7.2/gcc-4.8.1/lib/gcc/x86_64-unknown-linux-gnu/4.8.1/../../.. CMakeFiles/cmTryCompileExec2971479142.dir/CMakeCXXCompilerABI.cpp.o -lgcc --as-needed -lgcc_s --no-as-needed -lc -lgcc --as-needed -lgcc_s --no-as-needed /home/ramanNew/GCC-4.7.2/gcc-4.8.1/lib/gcc/x86_64-unknown-linux-gnu/4.8.1/crtend.o /usr/lib/../lib64/crtn.o]
    arg [/home/ramanNew/GCC-4.7.2/gcc-4.8.1/libexec/gcc/x86_64-unknown-linux-gnu/4.8.1/collect2] ==> ignore
    arg [--eh-frame-hdr] ==> ignore
    arg [-m] ==> ignore
    arg [elf_x86_64] ==> ignore
    arg [-export-dynamic] ==> ignore
    arg [-dynamic-linker] ==> ignore
    arg [/lib64/ld-linux-x86-64.so.2] ==> ignore
    arg [-o] ==> ignore
    arg [cmTryCompileExec2971479142] ==> ignore
    arg [/usr/lib/../lib64/crt1.o] ==> ignore
    arg [/usr/lib/../lib64/crti.o] ==> ignore
    arg [/home/ramanNew/GCC-4.7.2/gcc-4.8.1/lib/gcc/x86_64-unknown-linux-gnu/4.8.1/crtbegin.o] ==> ignore
    arg [-L/home/ramanNew/GCC-4.7.2/gcc-4.8.1/lib/gcc/x86_64-unknown-linux-gnu/4.8.1] ==> dir [/home/ramanNew/GCC-4.7.2/gcc-4.8.1/lib/gcc/x86_64-unknown-linux-gnu/4.8.1]
    arg [-L/home/ramanNew/GCC-4.7.2/gcc-4.8.1/lib/gcc/x86_64-unknown-linux-gnu/4.8.1/../../../../lib64] ==> dir [/home/ramanNew/GCC-4.7.2/gcc-4.8.1/lib/gcc/x86_64-unknown-linux-gnu/4.8.1/../../../../lib64]
    arg [-L/lib/../lib64] ==> dir [/lib/../lib64]
    arg [-L/usr/lib/../lib64] ==> dir [/usr/lib/../lib64]
    arg [-L/home/ramanNew/intel/composer_xe_2013.5.192/compiler/lib/intel64] ==> dir [/home/ramanNew/intel/composer_xe_2013.5.192/compiler/lib/intel64]
    arg [-L/home/ramanNew/intel/composer_xe_2013.5.192/ipp/../compiler/lib/intel64] ==> dir [/home/ramanNew/intel/composer_xe_2013.5.192/ipp/../compiler/lib/intel64]
    arg [-L/home/ramanNew/intel/composer_xe_2013.5.192/ipp/lib/intel64] ==> dir [/home/ramanNew/intel/composer_xe_2013.5.192/ipp/lib/intel64]
    arg [-L/home/ramanNew/intel/composer_xe_2013.5.192/compiler/lib/intel64] ==> dir [/home/ramanNew/intel/composer_xe_2013.5.192/compiler/lib/intel64]
    arg [-L/home/ramanNew/intel/composer_xe_2013.5.192/mkl/lib/intel64] ==> dir [/home/ramanNew/intel/composer_xe_2013.5.192/mkl/lib/intel64]
    arg [-L/home/ramanNew/intel/composer_xe_2013.5.192/tbb/lib/intel64/gcc4.4] ==> dir [/home/ramanNew/intel/composer_xe_2013.5.192/tbb/lib/intel64/gcc4.4]
    arg [-L/home/ramanNew/GCC-4.7.2/gcc-4.8.1/lib/gcc/x86_64-unknown-linux-gnu/4.8.1/../../..] ==> dir [/home/ramanNew/GCC-4.7.2/gcc-4.8.1/lib/gcc/x86_64-unknown-linux-gnu/4.8.1/../../..]
    arg [CMakeFiles/cmTryCompileExec2971479142.dir/CMakeCXXCompilerABI.cpp.o] ==> ignore
    arg [-lgcc] ==> lib [gcc]
    arg [--as-needed] ==> ignore
    arg [-lgcc_s] ==> lib [gcc_s]
    arg [--no-as-needed] ==> ignore
    arg [-lc] ==> lib [c]
    arg [-lgcc] ==> lib [gcc]
    arg [--as-needed] ==> ignore
    arg [-lgcc_s] ==> lib [gcc_s]
    arg [--no-as-needed] ==> ignore
    arg [/home/ramanNew/GCC-4.7.2/gcc-4.8.1/lib/gcc/x86_64-unknown-linux-gnu/4.8.1/crtend.o] ==> ignore
    arg [/usr/lib/../lib64/crtn.o] ==> ignore
  remove lib [gcc]
  remove lib [gcc_s]
  remove lib [gcc]
  remove lib [gcc_s]
  collapse dir [/home/ramanNew/GCC-4.7.2/gcc-4.8.1/lib/gcc/x86_64-unknown-linux-gnu/4.8.1] ==> [/home/ramanNew/GCC-4.7.2/gcc-4.8.1/lib/gcc/x86_64-unknown-linux-gnu/4.8.1]
  collapse dir [/home/ramanNew/GCC-4.7.2/gcc-4.8.1/lib/gcc/x86_64-unknown-linux-gnu/4.8.1/../../../../lib64] ==> [/home/ramanNew/GCC-4.7.2/gcc-4.8.1/lib64]
  collapse dir [/lib/../lib64] ==> [/lib64]
  collapse dir [/usr/lib/../lib64] ==> [/usr/lib64]
  collapse dir [/home/ramanNew/intel/composer_xe_2013.5.192/compiler/lib/intel64] ==> [/home/ramanNew/intel/composer_xe_2013.5.192/compiler/lib/intel64]
  collapse dir [/home/ramanNew/intel/composer_xe_2013.5.192/ipp/../compiler/lib/intel64] ==> [/home/ramanNew/intel/composer_xe_2013.5.192/compiler/lib/intel64]
  collapse dir [/home/ramanNew/intel/composer_xe_2013.5.192/ipp/lib/intel64] ==> [/home/ramanNew/intel/composer_xe_2013.5.192/ipp/lib/intel64]
  collapse dir [/home/ramanNew/intel/composer_xe_2013.5.192/compiler/lib/intel64] ==> [/home/ramanNew/intel/composer_xe_2013.5.192/compiler/lib/intel64]
  collapse dir [/home/ramanNew/intel/composer_xe_2013.5.192/mkl/lib/intel64] ==> [/home/ramanNew/intel/composer_xe_2013.5.192/mkl/lib/intel64]
  collapse dir [/home/ramanNew/intel/composer_xe_2013.5.192/tbb/lib/intel64/gcc4.4] ==> [/home/ramanNew/intel/composer_xe_2013.5.192/tbb/lib/intel64/gcc4.4]
  collapse dir [/home/ramanNew/GCC-4.7.2/gcc-4.8.1/lib/gcc/x86_64-unknown-linux-gnu/4.8.1/../../..] ==> [/home/ramanNew/GCC-4.7.2/gcc-4.8.1/lib]
  implicit libs: [c]
  implicit dirs: [/home/ramanNew/GCC-4.7.2/gcc-4.8.1/lib/gcc/x86_64-unknown-linux-gnu/4.8.1;/home/ramanNew/GCC-4.7.2/gcc-4.8.1/lib64;/lib64;/usr/lib64;/home/ramanNew/intel/composer_xe_2013.5.192/compiler/lib/intel64;/home/ramanNew/intel/composer_xe_2013.5.192/ipp/lib/intel64;/home/ramanNew/intel/composer_xe_2013.5.192/mkl/lib/intel64;/home/ramanNew/intel/composer_xe_2013.5.192/tbb/lib/intel64/gcc4.4;/home/ramanNew/GCC-4.7.2/gcc-4.8.1/lib]


